2023-11-09 22:34:31,053 INFO o.a.j.u.JMeterUtils: Setting Locale to en_EN
2023-11-09 22:34:31,069 INFO o.a.j.JMeter: Loading user properties from: C:\Program Files\apache-jmeter-5.6.2\bin\user.properties
2023-11-09 22:34:31,069 INFO o.a.j.JMeter: Loading system properties from: C:\Program Files\apache-jmeter-5.6.2\bin\system.properties
2023-11-09 22:34:31,071 INFO o.a.j.JMeter: Copyright (c) 1998-2023 The Apache Software Foundation
2023-11-09 22:34:31,075 INFO o.a.j.JMeter: Version 5.6.2
2023-11-09 22:34:31,075 INFO o.a.j.JMeter: java.version=21.0.1
2023-11-09 22:34:31,075 INFO o.a.j.JMeter: java.vm.name=Java HotSpot(TM) 64-Bit Server VM
2023-11-09 22:34:31,075 INFO o.a.j.JMeter: os.name=Windows 11
2023-11-09 22:34:31,075 INFO o.a.j.JMeter: os.arch=amd64
2023-11-09 22:34:31,077 INFO o.a.j.JMeter: os.version=10.0
2023-11-09 22:34:31,077 INFO o.a.j.JMeter: file.encoding=UTF-8
2023-11-09 22:34:31,077 INFO o.a.j.JMeter: java.awt.headless=true
2023-11-09 22:34:31,077 INFO o.a.j.JMeter: Max memory     =1073741824
2023-11-09 22:34:31,077 INFO o.a.j.JMeter: Available Processors =4
2023-11-09 22:34:31,090 INFO o.a.j.JMeter: Default Locale=English (EN)
2023-11-09 22:34:31,090 INFO o.a.j.JMeter: JMeter  Locale=English (EN)
2023-11-09 22:34:31,090 INFO o.a.j.JMeter: JMeterHome=C:\Program Files\apache-jmeter-5.6.2
2023-11-09 22:34:31,090 INFO o.a.j.JMeter: user.dir  =E:\JMeter
2023-11-09 22:34:31,090 INFO o.a.j.JMeter: PWD       =E:\JMeter
2023-11-09 22:34:31,092 INFO o.a.j.JMeter: IP: 192.168.0.101 Name: LAPTOP-D6A2MB57 FullName: LAPTOP-D6A2MB57
2023-11-09 22:34:31,104 INFO o.a.j.JMeter: Setting property 'jmeter.reportgenerator.outputdir' to:'E:\JMeter\results'
2023-11-09 22:34:31,108 INFO o.a.j.s.FileServer: Default base='E:\JMeter'
2023-11-09 22:34:31,108 INFO o.a.j.s.FileServer: Set new base='E:\JMeter'
2023-11-09 22:34:31,286 INFO o.a.j.s.SaveService: Testplan (JMX) version: 2.2. Testlog (JTL) version: 2.2
2023-11-09 22:34:31,312 INFO o.a.j.s.SaveService: Using SaveService properties version 5.0
2023-11-09 22:34:31,317 INFO o.a.j.s.SaveService: Using SaveService properties file encoding UTF-8
2023-11-09 22:34:31,317 INFO o.a.j.s.SaveService: Loading file: E:\JMeter\AIUB.jmx
2023-11-09 22:34:31,365 INFO o.a.j.p.h.s.HTTPSamplerBase: Parser for text/html is org.apache.jmeter.protocol.http.parser.LagartoBasedHtmlParser
2023-11-09 22:34:31,367 INFO o.a.j.p.h.s.HTTPSamplerBase: Parser for application/xhtml+xml is org.apache.jmeter.protocol.http.parser.LagartoBasedHtmlParser
2023-11-09 22:34:31,367 INFO o.a.j.p.h.s.HTTPSamplerBase: Parser for application/xml is org.apache.jmeter.protocol.http.parser.LagartoBasedHtmlParser
2023-11-09 22:34:31,367 INFO o.a.j.p.h.s.HTTPSamplerBase: Parser for text/xml is org.apache.jmeter.protocol.http.parser.LagartoBasedHtmlParser
2023-11-09 22:34:31,367 INFO o.a.j.p.h.s.HTTPSamplerBase: Parser for text/vnd.wap.wml is org.apache.jmeter.protocol.http.parser.RegexpHTMLParser
2023-11-09 22:34:31,367 INFO o.a.j.p.h.s.HTTPSamplerBase: Parser for text/css is org.apache.jmeter.protocol.http.parser.CssParser
2023-11-09 22:34:31,388 INFO o.a.j.JMeter: Creating summariser <summary>
2023-11-09 22:34:31,391 INFO o.a.j.r.d.ReportGenerator: ReportGenerator will use for Parsing the separator: ','
2023-11-09 22:34:31,391 INFO o.a.j.r.d.ReportGenerator: Will generate report at end of test from  results file: E:\\JMeter\\report.csv
2023-11-09 22:34:31,391 INFO o.a.j.r.d.ReportGenerator: Reading report generator properties from: C:\Program Files\apache-jmeter-5.6.2\bin\reportgenerator.properties
2023-11-09 22:34:31,392 INFO o.a.j.r.d.ReportGenerator: Merging with JMeter properties
2023-11-09 22:34:31,396 INFO o.a.j.r.c.ReportGeneratorConfiguration: Property 'jmeter.reportgenerator.temp_dir' not found, using default value 'temp' instead.
2023-11-09 22:34:31,397 INFO o.a.j.r.c.ReportGeneratorConfiguration: Property 'jmeter.reportgenerator.apdex_per_transaction' not found, using default value 'null' instead.
2023-11-09 22:34:31,397 INFO o.a.j.r.c.ReportGeneratorConfiguration: apdex_per_transaction is empty, not APDEX per transaction customization
2023-11-09 22:34:31,399 INFO o.a.j.r.c.ReportGeneratorConfiguration: Property 'jmeter.reportgenerator.sample_filter' not found, using default value 'null' instead.
2023-11-09 22:34:31,399 INFO o.a.j.r.c.ReportGeneratorConfiguration: Property 'jmeter.reportgenerator.report_title' not found, using default value 'null' instead.
2023-11-09 22:34:31,399 INFO o.a.j.r.c.ReportGeneratorConfiguration: Property 'jmeter.reportgenerator.start_date' not found, using default value 'null' instead.
2023-11-09 22:34:31,399 INFO o.a.j.r.c.ReportGeneratorConfiguration: Property 'jmeter.reportgenerator.end_date' not found, using default value 'null' instead.
2023-11-09 22:34:31,399 INFO o.a.j.r.c.ReportGeneratorConfiguration: Property 'jmeter.reportgenerator.date_format' not found, using default value 'null' instead.
2023-11-09 22:34:31,399 INFO o.a.j.r.c.ReportGeneratorConfiguration: Will use date range start date: null, end date: null
2023-11-09 22:34:31,399 INFO o.a.j.r.c.ReportGeneratorConfiguration: Property 'jmeter.reportgenerator.graph.totalTPS.exclude_controllers' not found, using default value 'false' instead.
2023-11-09 22:34:31,399 INFO o.a.j.r.c.ReportGeneratorConfiguration: Property 'jmeter.reportgenerator.graph.activeThreadsOverTime.exclude_controllers' not found, using default value 'false' instead.
2023-11-09 22:34:31,399 INFO o.a.j.r.c.ReportGeneratorConfiguration: Property 'jmeter.reportgenerator.graph.timeVsThreads.exclude_controllers' not found, using default value 'false' instead.
2023-11-09 22:34:31,399 INFO o.a.j.r.c.ReportGeneratorConfiguration: Property 'jmeter.reportgenerator.graph.responseTimeDistribution.exclude_controllers' not found, using default value 'false' instead.
2023-11-09 22:34:31,399 INFO o.a.j.r.c.ReportGeneratorConfiguration: Property 'jmeter.reportgenerator.graph.transactionsPerSecond.exclude_controllers' not found, using default value 'false' instead.
2023-11-09 22:34:31,399 INFO o.a.j.r.c.ReportGeneratorConfiguration: Property 'jmeter.reportgenerator.graph.responseTimePercentiles.exclude_controllers' not found, using default value 'false' instead.
2023-11-09 22:34:31,399 INFO o.a.j.r.c.ReportGeneratorConfiguration: Property 'jmeter.reportgenerator.graph.responseTimePercentilesOverTime.exclude_controllers' not found, using default value 'false' instead.
2023-11-09 22:34:31,399 INFO o.a.j.r.c.ReportGeneratorConfiguration: Property 'jmeter.reportgenerator.graph.responseTimesOverTime.exclude_controllers' not found, using default value 'false' instead.
2023-11-09 22:34:31,399 INFO o.a.j.r.c.ReportGeneratorConfiguration: Property 'jmeter.reportgenerator.graph.connectTimeOverTime.exclude_controllers' not found, using default value 'false' instead.
2023-11-09 22:34:31,399 INFO o.a.j.r.c.ReportGeneratorConfiguration: Property 'jmeter.reportgenerator.graph.latenciesOverTime.exclude_controllers' not found, using default value 'false' instead.
2023-11-09 22:34:31,406 INFO o.a.j.r.c.ReportGeneratorConfiguration: Property 'jmeter.reportgenerator.exporter.json.filters_only_sample_series' not found, using default value 'true' instead.
2023-11-09 22:34:31,406 INFO o.a.j.r.c.ReportGeneratorConfiguration: Property 'jmeter.reportgenerator.exporter.json.series_filter' not found, using default value '' instead.
2023-11-09 22:34:31,406 INFO o.a.j.r.c.ReportGeneratorConfiguration: Property 'jmeter.reportgenerator.exporter.json.show_controllers_only' not found, using default value 'false' instead.
2023-11-09 22:34:31,406 INFO o.a.j.r.c.ReportGeneratorConfiguration: Property 'jmeter.reportgenerator.exporter.html.filters_only_sample_series' not found, using default value 'true' instead.
2023-11-09 22:34:31,406 INFO o.a.j.r.c.ReportGeneratorConfiguration: Property 'jmeter.reportgenerator.exporter.html.series_filter' not found, using default value '' instead.
2023-11-09 22:34:31,406 INFO o.a.j.r.c.ReportGeneratorConfiguration: Property 'jmeter.reportgenerator.exporter.html.show_controllers_only' not found, using default value 'false' instead.
2023-11-09 22:34:31,417 INFO o.a.j.e.StandardJMeterEngine: Running the test!
2023-11-09 22:34:31,417 INFO o.a.j.s.SampleEvent: List of sample_variables: []
2023-11-09 22:34:31,417 INFO o.a.j.s.SampleEvent: List of sample_variables: []
2023-11-09 22:34:31,422 INFO o.a.j.e.u.CompoundVariable: Note: Function class names must contain the string: '.functions.'
2023-11-09 22:34:31,422 INFO o.a.j.e.u.CompoundVariable: Note: Function class names must not contain the string: '.gui.'
2023-11-09 22:34:31,508 INFO o.a.j.JMeter: Running test (1699547671508)
2023-11-09 22:34:31,528 INFO o.a.j.e.StandardJMeterEngine: Starting ThreadGroup: 1 : Thread Group
2023-11-09 22:34:31,528 INFO o.a.j.e.StandardJMeterEngine: Starting 10 threads for group Thread Group.
2023-11-09 22:34:31,528 INFO o.a.j.e.StandardJMeterEngine: Thread will continue on error
2023-11-09 22:34:31,528 INFO o.a.j.t.ThreadGroup: Starting thread group... number=1 threads=10 ramp-up=3 delayedStart=false
2023-11-09 22:34:31,539 INFO o.a.j.t.ThreadGroup: Started thread group number 1
2023-11-09 22:34:31,539 INFO o.a.j.e.StandardJMeterEngine: All thread groups have been started
2023-11-09 22:34:31,545 INFO o.a.j.t.JMeterThread: Thread started: Thread Group 1-1
2023-11-09 22:34:31,563 INFO o.a.j.p.h.s.HTTPHCAbstractImpl: Local host = LAPTOP-D6A2MB57
2023-11-09 22:34:31,570 INFO o.a.j.p.h.s.HTTPHC4Impl: HTTP request retry count = 0
2023-11-09 22:34:31,571 INFO o.a.j.s.SampleResult: Note: Sample TimeStamps are START times
2023-11-09 22:34:31,571 INFO o.a.j.s.SampleResult: sampleresult.default.encoding is set to UTF-8
2023-11-09 22:34:31,571 INFO o.a.j.s.SampleResult: sampleresult.useNanoTime=true
2023-11-09 22:34:31,571 INFO o.a.j.s.SampleResult: sampleresult.nanoThreadSleep=5000
2023-11-09 22:34:31,654 INFO o.a.j.p.h.s.h.LazyLayeredConnectionSocketFactory: Setting up HTTPS TrustAll Socket Factory
2023-11-09 22:34:31,660 INFO o.a.j.u.JsseSSLManager: Using default SSL protocol: TLS
2023-11-09 22:34:31,660 INFO o.a.j.u.JsseSSLManager: SSL session context: per-thread
2023-11-09 22:34:31,744 INFO o.a.j.u.SSLManager: JmeterKeyStore Location:  type JKS
2023-11-09 22:34:31,748 INFO o.a.j.u.SSLManager: KeyStore created OK
2023-11-09 22:34:31,748 WARN o.a.j.u.SSLManager: Keystore file not found, loading empty keystore
2023-11-09 22:34:31,839 INFO o.a.j.t.JMeterThread: Thread started: Thread Group 1-2
2023-11-09 22:34:32,140 INFO o.a.j.t.JMeterThread: Thread started: Thread Group 1-3
2023-11-09 22:34:32,220 INFO o.a.j.r.Summariser: summary +      1 in 00:00:01 =    1.4/s Avg:   376 Min:   376 Max:   376 Err:     0 (0.00%) Active: 3 Started: 3 Finished: 0
2023-11-09 22:34:32,222 INFO o.a.j.t.JMeterThread: Thread is done: Thread Group 1-2
2023-11-09 22:34:32,223 INFO o.a.j.t.JMeterThread: Thread finished: Thread Group 1-2
2023-11-09 22:34:32,292 INFO o.a.j.t.JMeterThread: Thread is done: Thread Group 1-1
2023-11-09 22:34:32,292 INFO o.a.j.t.JMeterThread: Thread finished: Thread Group 1-1
2023-11-09 22:34:32,438 INFO o.a.j.t.JMeterThread: Thread started: Thread Group 1-4
2023-11-09 22:34:32,737 INFO o.a.j.t.JMeterThread: Thread started: Thread Group 1-5
2023-11-09 22:34:33,039 INFO o.a.j.t.JMeterThread: Thread started: Thread Group 1-6
2023-11-09 22:34:33,340 INFO o.a.j.t.JMeterThread: Thread started: Thread Group 1-7
2023-11-09 22:34:33,389 INFO o.a.j.t.JMeterThread: Thread is done: Thread Group 1-3
2023-11-09 22:34:33,389 INFO o.a.j.t.JMeterThread: Thread finished: Thread Group 1-3
2023-11-09 22:34:33,497 INFO o.a.j.t.JMeterThread: Thread is done: Thread Group 1-7
2023-11-09 22:34:33,497 INFO o.a.j.t.JMeterThread: Thread finished: Thread Group 1-7
2023-11-09 22:34:33,547 INFO o.a.j.t.JMeterThread: Thread is done: Thread Group 1-6
2023-11-09 22:34:33,547 INFO o.a.j.t.JMeterThread: Thread finished: Thread Group 1-6
2023-11-09 22:34:33,640 INFO o.a.j.t.JMeterThread: Thread started: Thread Group 1-8
2023-11-09 22:34:33,785 INFO o.a.j.t.JMeterThread: Thread is done: Thread Group 1-8
2023-11-09 22:34:33,785 INFO o.a.j.t.JMeterThread: Thread finished: Thread Group 1-8
2023-11-09 22:34:33,937 INFO o.a.j.t.JMeterThread: Thread started: Thread Group 1-9
2023-11-09 22:34:34,132 INFO o.a.j.t.JMeterThread: Thread is done: Thread Group 1-5
2023-11-09 22:34:34,132 INFO o.a.j.t.JMeterThread: Thread finished: Thread Group 1-5
2023-11-09 22:34:34,239 INFO o.a.j.t.JMeterThread: Thread started: Thread Group 1-10
2023-11-09 22:34:34,444 INFO o.a.j.t.JMeterThread: Thread is done: Thread Group 1-9
2023-11-09 22:34:34,444 INFO o.a.j.t.JMeterThread: Thread finished: Thread Group 1-9
2023-11-09 22:34:34,725 INFO o.a.j.t.JMeterThread: Thread is done: Thread Group 1-10
2023-11-09 22:34:34,725 INFO o.a.j.t.JMeterThread: Thread finished: Thread Group 1-10
2023-11-09 22:34:35,552 INFO o.a.j.t.JMeterThread: Thread is done: Thread Group 1-4
2023-11-09 22:34:35,552 INFO o.a.j.t.JMeterThread: Thread finished: Thread Group 1-4
2023-11-09 22:34:35,552 INFO o.a.j.e.StandardJMeterEngine: Notifying test listeners of end of test
2023-11-09 22:34:35,556 INFO o.a.j.r.Summariser: summary +      9 in 00:00:03 =    2.7/s Avg:   907 Min:   139 Max:  3112 Err:     0 (0.00%) Active: 0 Started: 10 Finished: 10
2023-11-09 22:34:35,556 INFO o.a.j.r.Summariser: summary =     10 in 00:00:04 =    2.5/s Avg:   854 Min:   139 Max:  3112 Err:     0 (0.00%)
2023-11-09 22:34:35,557 INFO o.a.j.JMeter: Generating Dashboard
2023-11-09 22:34:35,557 INFO o.a.j.r.d.ReportGenerator: Flushing result collector before report Generation
2023-11-09 22:34:35,600 INFO o.a.j.r.p.NormalizerSampleConsumer: Using format, 'ms', to parse timeStamp field
2023-11-09 22:34:35,697 INFO o.a.j.r.p.AbstractSampleConsumer: class org.apache.jmeter.report.processor.AggregateConsumer#stopProducing(): beginDate produced 0 samples
2023-11-09 22:34:35,697 INFO o.a.j.r.p.AbstractSampleConsumer: class org.apache.jmeter.report.processor.AggregateConsumer#stopProducing(): endDate produced 0 samples
2023-11-09 22:34:35,705 INFO o.a.j.r.p.AbstractSampleConsumer: class org.apache.jmeter.report.processor.ApdexSummaryConsumer#stopProducing(): apdexSummary produced 0 samples
2023-11-09 22:34:35,705 INFO o.a.j.r.p.AbstractSampleConsumer: class org.apache.jmeter.report.processor.RequestsSummaryConsumer#stopProducing(): requestsSummary produced 0 samples
2023-11-09 22:34:35,714 INFO o.a.j.r.p.AbstractSampleConsumer: class org.apache.jmeter.report.processor.StatisticsSummaryConsumer#stopProducing(): statisticsSummary produced 0 samples
2023-11-09 22:34:35,717 INFO o.a.j.r.p.AbstractSampleConsumer: class org.apache.jmeter.report.processor.Top5ErrorsBySamplerConsumer#stopProducing(): top5ErrorsBySampler produced 0 samples
2023-11-09 22:34:35,717 INFO o.a.j.r.p.AbstractSampleConsumer: class org.apache.jmeter.report.processor.ErrorsSummaryConsumer#stopProducing(): errorsSummary produced 0 samples
2023-11-09 22:34:35,717 INFO o.a.j.r.p.AbstractSampleConsumer: class org.apache.jmeter.report.processor.graph.impl.HitsPerSecondGraphConsumer#stopProducing(): hitsPerSecond produced 0 samples
2023-11-09 22:34:35,738 INFO o.a.j.r.p.AbstractSampleConsumer: class org.apache.jmeter.report.processor.graph.impl.LatencyVSRequestGraphConsumer#stopProducing(): latencyVsRequest produced 0 samples
2023-11-09 22:34:35,738 INFO o.a.j.r.p.AbstractSampleConsumer: class org.apache.jmeter.report.processor.graph.impl.SyntheticResponseTimeDistributionGraphConsumer#stopProducing(): syntheticResponseTimeDistribution produced 0 samples
2023-11-09 22:34:35,738 INFO o.a.j.r.p.AbstractSampleConsumer: class org.apache.jmeter.report.processor.graph.impl.BytesThroughputGraphConsumer#stopProducing(): bytesThroughputOverTime produced 0 samples
2023-11-09 22:34:35,738 INFO o.a.j.r.p.AbstractSampleConsumer: class org.apache.jmeter.report.processor.graph.impl.CodesPerSecondGraphConsumer#stopProducing(): codesPerSecond produced 0 samples
2023-11-09 22:34:35,747 INFO o.a.j.r.p.AbstractSampleConsumer: class org.apache.jmeter.report.processor.graph.impl.ResponseTimeVSRequestGraphConsumer#stopProducing(): responseTimeVsRequest produced 0 samples
2023-11-09 22:34:35,747 INFO o.a.j.r.p.AbstractSampleConsumer: class org.apache.jmeter.report.processor.FilterConsumer#stopProducing(): startIntervalControlerFilter produced 70 samples
2023-11-09 22:34:35,747 INFO o.a.j.r.p.AbstractSampleConsumer: class org.apache.jmeter.report.processor.graph.impl.TotalTPSGraphConsumer#stopProducing(): totalTPS produced 0 samples
2023-11-09 22:34:35,747 INFO o.a.j.r.p.AbstractSampleConsumer: class org.apache.jmeter.report.processor.graph.impl.ActiveThreadsGraphConsumer#stopProducing(): activeThreadsOverTime produced 0 samples
2023-11-09 22:34:35,747 INFO o.a.j.r.p.AbstractSampleConsumer: class org.apache.jmeter.report.processor.graph.impl.TimeVSThreadGraphConsumer#stopProducing(): timeVsThreads produced 0 samples
2023-11-09 22:34:35,747 INFO o.a.j.r.p.AbstractSampleConsumer: class org.apache.jmeter.report.processor.graph.impl.ResponseTimeDistributionGraphConsumer#stopProducing(): responseTimeDistribution produced 0 samples
2023-11-09 22:34:35,747 INFO o.a.j.r.p.AbstractSampleConsumer: class org.apache.jmeter.report.processor.graph.impl.TransactionsPerSecondGraphConsumer#stopProducing(): transactionsPerSecond produced 0 samples
2023-11-09 22:34:35,747 INFO o.a.j.r.p.AbstractSampleConsumer: class org.apache.jmeter.report.processor.graph.impl.ResponseTimePercentilesGraphConsumer#stopProducing(): responseTimePercentiles produced 0 samples
2023-11-09 22:34:35,747 INFO o.a.j.r.p.AbstractSampleConsumer: class org.apache.jmeter.report.processor.graph.impl.ResponseTimePercentilesOverTimeGraphConsumer#stopProducing(): responseTimePercentilesOverTime produced 0 samples
2023-11-09 22:34:35,747 INFO o.a.j.r.p.AbstractSampleConsumer: class org.apache.jmeter.report.processor.graph.impl.ResponseTimeOverTimeGraphConsumer#stopProducing(): responseTimesOverTime produced 0 samples
2023-11-09 22:34:35,747 INFO o.a.j.r.p.AbstractSampleConsumer: class org.apache.jmeter.report.processor.graph.impl.ConnectTimeOverTimeGraphConsumer#stopProducing(): connectTimeOverTime produced 0 samples
2023-11-09 22:34:35,747 INFO o.a.j.r.p.AbstractSampleConsumer: class org.apache.jmeter.report.processor.graph.impl.LatencyOverTimeGraphConsumer#stopProducing(): latenciesOverTime produced 0 samples
2023-11-09 22:34:35,747 INFO o.a.j.r.p.AbstractSampleConsumer: class org.apache.jmeter.report.processor.FilterConsumer#stopProducing(): nameFilter produced 150 samples
2023-11-09 22:34:35,747 INFO o.a.j.r.p.AbstractSampleConsumer: class org.apache.jmeter.report.processor.FilterConsumer#stopProducing(): dateRangeFilter produced 30 samples
2023-11-09 22:34:35,747 INFO o.a.j.r.p.AbstractSampleConsumer: class org.apache.jmeter.report.processor.NormalizerSampleConsumer#stopProducing(): normalizer produced 10 samples
2023-11-09 22:34:35,747 INFO o.a.j.r.p.CsvFileSampleSource: produce(): 10 samples produced in 100ms on channel 0
2023-11-09 22:34:35,747 INFO o.a.j.r.d.ReportGenerator: Exporting data using exporter:'json' of className:'org.apache.jmeter.report.dashboard.JsonExporter'
2023-11-09 22:34:35,865 INFO o.a.j.r.d.JsonExporter: Found data for consumer statisticsSummary in context
2023-11-09 22:34:35,865 INFO o.a.j.r.d.JsonExporter: Creating statistics for overall
2023-11-09 22:34:35,865 INFO o.a.j.r.d.JsonExporter: Creating statistics for other transactions
2023-11-09 22:34:35,865 INFO o.a.j.r.d.JsonExporter: Checking output folder
2023-11-09 22:34:35,867 INFO o.a.j.r.d.JsonExporter: Writing statistics JSON to E:\JMeter\results\statistics.json
2023-11-09 22:34:35,910 INFO o.a.j.r.d.ReportGenerator: Exporting data using exporter:'html' of className:'org.apache.jmeter.report.dashboard.HtmlTemplateExporter'
2023-11-09 22:34:35,915 INFO o.a.j.r.d.HtmlTemplateExporter: Will generate dashboard in folder: E:\JMeter\results
2023-11-09 22:34:36,032 INFO o.a.j.r.d.HtmlTemplateExporter: Report will be generated in: E:\JMeter\results, creating folder structure
2023-11-09 22:34:36,032 INFO o.a.j.r.d.TemplateVisitor: Copying folder from 'C:\Program Files\apache-jmeter-5.6.2\bin\report-template' to 'E:\JMeter\results', got message: E:\JMeter\results, found non empty folder with following content [E:\JMeter\results\statistics.json], will be ignored
2023-11-09 22:34:36,325 INFO o.a.j.JMeter: Dashboard generated
